[debug] > Exec(assembly, None, None)
[debug] Evaluating tasks: assembly
[debug] Running task... Cancel: Signal, check cycles: false, forcegc: true
[info] compiling 1 Scala source to C:\Users\USER\Downloads\akka http server\target\scala-2.13\classes ...
[warn] 1 deprecation (since 2.11.0); re-run with -deprecation for details
[warn] one warning found
[info] done compiling
[error] 1 error was encountered during merge
[error] java.lang.RuntimeException: deduplicate: different file contents found in the following:
[error] C:\Users\USER\AppData\Local\Coursier\cache\v1\https\repo1.maven.org\maven2\com\fasterxml\jackson\core\jackson-annotations\2.11.2\jackson-annotations-2.11.2.jar:module-info.class
[error] C:\Users\USER\AppData\Local\Coursier\cache\v1\https\repo1.maven.org\maven2\com\fasterxml\jackson\core\jackson-core\2.11.2\jackson-core-2.11.2.jar:module-info.class
[error] C:\Users\USER\AppData\Local\Coursier\cache\v1\https\repo1.maven.org\maven2\com\fasterxml\jackson\core\jackson-databind\2.11.2\jackson-databind-2.11.2.jar:module-info.class
[error] C:\Users\USER\AppData\Local\Coursier\cache\v1\https\repo1.maven.org\maven2\com\fasterxml\jackson\module\jackson-module-paranamer\2.11.2\jackson-module-paranamer-2.11.2.jar:module-info.class
[error] 	at sbtassembly.Assembly$.applyStrategies(Assembly.scala:161)
[error] 	at sbtassembly.Assembly$.x$1$lzycompute$1(Assembly.scala:43)
[error] 	at sbtassembly.Assembly$.x$1$1(Assembly.scala:41)
[error] 	at sbtassembly.Assembly$.stratMapping$lzycompute$1(Assembly.scala:41)
[error] 	at sbtassembly.Assembly$.stratMapping$1(Assembly.scala:41)
[error] 	at sbtassembly.Assembly$.inputs$lzycompute$1(Assembly.scala:86)
[error] 	at sbtassembly.Assembly$.inputs$1(Assembly.scala:76)
[error] 	at sbtassembly.Assembly$.apply(Assembly.scala:103)
[error] 	at sbtassembly.Assembly$.$anonfun$assemblyTask$1(Assembly.scala:278)
[error] 	at scala.Function1.$anonfun$compose$1(Function1.scala:49)
[error] 	at sbt.internal.util.$tilde$greater.$anonfun$$u2219$1(TypeFunctions.scala:62)
[error] 	at sbt.std.Transform$$anon$4.work(Transform.scala:68)
[error] 	at sbt.Execute.$anonfun$submit$2(Execute.scala:282)
[error] 	at sbt.internal.util.ErrorHandling$.wideConvert(ErrorHandling.scala:23)
[error] 	at sbt.Execute.work(Execute.scala:291)
[error] 	at sbt.Execute.$anonfun$submit$1(Execute.scala:282)
[error] 	at sbt.ConcurrentRestrictions$$anon$4.$anonfun$submitValid$1(ConcurrentRestrictions.scala:265)
[error] 	at sbt.CompletionService$$anon$2.call(CompletionService.scala:64)
[error] 	at java.util.concurrent.FutureTask.run(FutureTask.java:266)
[error] 	at java.util.concurrent.Executors$RunnableAdapter.call(Executors.java:511)
[error] 	at java.util.concurrent.FutureTask.run(FutureTask.java:266)
[error] 	at java.util.concurrent.ThreadPoolExecutor.runWorker(ThreadPoolExecutor.java:1149)
[error] 	at java.util.concurrent.ThreadPoolExecutor$Worker.run(ThreadPoolExecutor.java:624)
[error] 	at java.lang.Thread.run(Thread.java:748)
[error] (assembly) deduplicate: different file contents found in the following:
[error] C:\Users\USER\AppData\Local\Coursier\cache\v1\https\repo1.maven.org\maven2\com\fasterxml\jackson\core\jackson-annotations\2.11.2\jackson-annotations-2.11.2.jar:module-info.class
[error] C:\Users\USER\AppData\Local\Coursier\cache\v1\https\repo1.maven.org\maven2\com\fasterxml\jackson\core\jackson-core\2.11.2\jackson-core-2.11.2.jar:module-info.class
[error] C:\Users\USER\AppData\Local\Coursier\cache\v1\https\repo1.maven.org\maven2\com\fasterxml\jackson\core\jackson-databind\2.11.2\jackson-databind-2.11.2.jar:module-info.class
[error] C:\Users\USER\AppData\Local\Coursier\cache\v1\https\repo1.maven.org\maven2\com\fasterxml\jackson\module\jackson-module-paranamer\2.11.2\jackson-module-paranamer-2.11.2.jar:module-info.class
[error] Total time: 74 s (01:14), completed 10-Mar-2021 19:18:08
[debug] > Exec(idea-shell, None, None)
