[debug] > Exec(docker:publishLocal, None, None)
[debug] Evaluating tasks: Docker / publishLocal
[debug] Running task... Cancel: Signal, check cycles: false, forcegc: true
[info] Wrote C:\Users\USER\Downloads\akka http server\target\scala-2.13\core_2.13-0.1.0.pom
[info] Main Scala API documentation to C:\Users\USER\Downloads\akka http server\target\scala-2.13\api...
[info] Main Scala API documentation successful.
[error] #1 [internal] load build definition from Dockerfile
[error] #1 sha256:3623aeb2768c40142856aa8524aade7b5ad9e8f849f40ae36a5673978acc813c
[error] #1 transferring dockerfile: 155B 0.0s done
[error] #1 DONE 0.1s
[error] #2 [internal] load .dockerignore
[error] #2 sha256:7afea7e27ab57b20b24949001fffb9fb66042cdcd8c67917d66611712a8a0914
[error] #2 transferring context: 2B done
[error] #2 DONE 0.2s
[error] #3 [internal] load metadata for docker.io/library/openjdk:latest
[error] #3 sha256:69b0172ab6d2db879c66e49b96260fcfc35815b92d8336e07a867faef233f565
[error] #3 ...
[error] #4 [auth] library/openjdk:pull token for registry-1.docker.io
[error] #4 sha256:d8d876cc809ddfc561913eaf60715392ae8cecba7ebd16159666268c775bf591
[error] #4 DONE 0.0s
[error] #3 [internal] load metadata for docker.io/library/openjdk:latest
[error] #3 sha256:69b0172ab6d2db879c66e49b96260fcfc35815b92d8336e07a867faef233f565
[error] #3 DONE 3.7s
[error] #5 [1/3] FROM docker.io/library/openjdk:latest@sha256:3d35137579870e9b53716879449aa88d0e455fe725ac4e60c20b25761e789993
[error] #5 sha256:0a79a4d4a8eda273956781f8ea40a929739c6f257d1173a677d054d7e30687ff
[error] #5 DONE 0.0s
[error] #7 [internal] load build context
[error] #7 sha256:fb1df5b183b80e2d492256d091fc5535d4b770df1bf54d031a2066ab1ea21f1f
[error] #7 transferring context: 29.55kB 0.1s done
[error] #7 DONE 0.2s
[error] #6 [2/3] WORKDIR /opt/docker
[error] #6 sha256:f8475ada75005af134ae84e188b22b044c0c3799161ca1205e7c7a71cc8d46c0
[error] #6 CACHED
[error] #8 [3/3] ADD --chown=daemon:daemon opt /opt
[error] #8 sha256:c1e72a404782c5576a60c3637964c49b7f6003eae9e30ff5ff2fe5255d86a0c5
[error] #8 DONE 1.4s
[error] #9 exporting to image
[error] #9 sha256:e8c613e07b0b7ff33893b694f7759a10d42e180f2b4dc349fb57dc6b71dcab00
[error] #9 exporting layers
[error] #9 exporting layers 0.7s done
[error] #9 writing image sha256:8b3baf39d105a78a898032e6605eebaec79fad05db59c612a4d75de658cde28c 0.0s done
[error] #9 naming to docker.io/library/core:0.1.0 0.0s done
[error] #9 DONE 0.7s
[info] Built image core:0.1.0
[success] Total time: 13 s, completed 15-Mar-2021 16:22:42
[debug] > Exec(idea-shell, None, None)
