[debug] > Exec(early(addDefaultCommands), None, None)
[debug] > Exec(addDefaultCommands, None, None)
[debug] > Exec(early(initialize), None, None)
[debug] > Exec(initialize, None, None)
[debug] > Exec(early(addPluginSbtFile="""C:\Users\USER\AppData\Local\Temp\idea10.sbt"""), None, None)
[debug] > Exec(addPluginSbtFile="""C:\Users\USER\AppData\Local\Temp\idea10.sbt""", None, None)
[debug] > Exec(boot, None, None)
[debug] > Exec(writeSbtVersion, None, None)
[debug] > Exec(reload, None, None)
[debug] > Exec(sbtStashOnFailure, None, None)
[debug] > Exec(onFailure loadFailed, None, None)
[debug] > Exec(loadp, None, None)
[info] welcome to sbt 1.4.4 (Oracle Corporation Java 1.8.0_181)
[debug]       Load.loadUnit: plugins took 175.7787ms
[debug]       Load.loadUnit: defsScala took 0.6421ms
[debug] [Loading] Scanning directory C:\Users\USER\.sbt\1.0\plugins
[debug] [Loading] Found non-root projects 
[debug] [Loading] Done in C:\Users\USER\.sbt\1.0\plugins, returning: ()
[debug] deducing auto plugins based on known facts Set(Atom(sbt.plugins.CorePlugin)) and clauses Clauses(List(Clause(Atom(sbt.plugins.JvmPlugin),Set(Atom(sbt.plugins.IvyPlugin))), Clause(Atom(sbt.ScriptedPlugin),Set(Atom(sbt.plugins.JvmPlugin))), Clause(Atom(sbt.plugins.SbtPlugin),Set(Atom(sbt.ScriptedPlugin))), Clause(Atom(sbt.plugins.SemanticdbPlugin),Set(Atom(sbt.plugins.JvmPlugin))), Clause(Atom(sbt.plugins.JUnitXmlReportPlugin),Set(Atom(sbt.plugins.JvmPlugin))), Clause(Atom(sbt.plugins.MiniDependencyTreePlugin),Set(Atom(sbt.plugins.JvmPlugin))), Clause(Atom(sbt.plugins.CorePlugin),Set(Atom(sbt.plugins.IvyPlugin))), Clause(Atom(sbt.plugins.IvyPlugin),Set(Atom(sbt.plugins.JvmPlugin))), Clause(Atom(sbt.plugins.JvmPlugin),Set(Atom(sbt.plugins.SemanticdbPlugin))), Clause(Atom(sbt.plugins.JvmPlugin),Set(Atom(sbt.plugins.JUnitXmlReportPlugin))), Clause(Atom(sbt.plugins.CorePlugin),Set(Atom(sbt.plugins.Giter8TemplatePlugin))), Clause(Atom(sbt.plugins.JvmPlugin),Set(Atom(sbt.plugins.MiniDependencyTreePlugin)))))
[debug]   :: deduced result: Matched(sbt.plugins.CorePlugin,sbt.plugins.Giter8TemplatePlugin,sbt.plugins.IvyPlugin,sbt.plugins.JvmPlugin,sbt.plugins.MiniDependencyTreePlugin,sbt.plugins.JUnitXmlReportPlugin,sbt.plugins.SemanticdbPlugin)
[debug] Plugins.deducer#function took 39.9279 ms
[debug]           Load.resolveProject(global-plugins) took 79.0603ms
[debug]         Load.loadTransitive: finalizeProject(Project(id global-plugins, base: C:\Users\USER\.sbt\1.0\plugins, plugins: List(<none>))) took 169.0622ms
[debug] [Loading] Done in C:\Users\USER\.sbt\1.0\plugins, returning: (global-plugins)
[debug]       Load.loadUnit: loadedProjectsRaw took 200.4286ms
[debug]       Load.loadUnit: cleanEvalClasses took 0.6286ms
[debug]     Load.loadUnit(file:/C:/Users/USER/.sbt/1.0/plugins/, ...) took 393.0414ms
[debug]   Load.apply: load took 628.5554ms
[debug]   Load.apply: resolveProjects took 10.5603ms
[debug]   Load.apply: finalTransforms took 111.1472ms
[debug]   Load.apply: config.delegates took 18.2778ms
[debug]   Load.apply: Def.make(settings)... took 1479.7831ms
[debug]   Load.apply: structureIndex took 241.4159ms
[debug]   Load.apply: mkStreams took 2.4715ms
[info] loading global plugins from C:\Users\USER\.sbt\1.0\plugins
[debug] Running task... Cancel: Signal, check cycles: false, forcegc: true
[debug] Load.defaultLoad until apply took 6166.1483ms
[debug]           Load.loadUnit: plugins took 56.143ms
[debug]           Load.loadUnit: defsScala took 0.0082ms
[debug] [Loading] Scanning directory C:\Users\USER\Downloads\akka http server\project
[debug]             Load.loadUnit: mkEval took 13.6218ms
[debug] [Loading] Found non-root projects 
[debug] [Loading] Done in C:\Users\USER\Downloads\akka http server\project, returning: ()
[debug] deducing auto plugins based on known facts Set(Atom(sbt.plugins.CorePlugin)) and clauses Clauses(List(Clause(Atom(sbt.plugins.JvmPlugin),Set(Atom(sbt.plugins.IvyPlugin))), Clause(Atom(sbt.ScriptedPlugin),Set(Atom(sbt.plugins.JvmPlugin))), Clause(Atom(sbt.plugins.SbtPlugin),Set(Atom(sbt.ScriptedPlugin))), Clause(Atom(sbt.plugins.SemanticdbPlugin),Set(Atom(sbt.plugins.JvmPlugin))), Clause(Atom(sbt.plugins.JUnitXmlReportPlugin),Set(Atom(sbt.plugins.JvmPlugin))), Clause(Atom(sbt.plugins.MiniDependencyTreePlugin),Set(Atom(sbt.plugins.JvmPlugin))), Clause(Atom(sbt.plugins.CorePlugin),Set(Atom(sbt.plugins.IvyPlugin))), Clause(Atom(sbt.plugins.IvyPlugin),Set(Atom(sbt.plugins.JvmPlugin))), Clause(Atom(sbt.plugins.JvmPlugin),Set(Atom(sbt.plugins.SemanticdbPlugin))), Clause(Atom(sbt.plugins.JvmPlugin),Set(Atom(sbt.plugins.JUnitXmlReportPlugin))), Clause(Atom(sbt.plugins.CorePlugin),Set(Atom(sbt.plugins.Giter8TemplatePlugin))), Clause(Atom(sbt.plugins.JvmPlugin),Set(Atom(sbt.plugins.MiniDependencyTreePlugin)))))
[debug]   :: deduced result: Matched(sbt.plugins.CorePlugin,sbt.plugins.Giter8TemplatePlugin,sbt.plugins.IvyPlugin,sbt.plugins.JvmPlugin,sbt.plugins.MiniDependencyTreePlugin,sbt.plugins.JUnitXmlReportPlugin,sbt.plugins.SemanticdbPlugin)
[debug] Plugins.deducer#function took 3.9563 ms
[info] loading settings for project akka-http-server-build from plugins.sbt,idea10.sbt ...
[debug]               Load.resolveProject(akka-http-server-build) took 6.371ms
[debug]             Load.loadTransitive: finalizeProject(Project(id akka-http-server-build, base: C:\Users\USER\Downloads\akka http server\project, plugins: List(<none>))) took 11.4774ms
[debug] [Loading] Done in C:\Users\USER\Downloads\akka http server\project, returning: (akka-http-server-build)
[debug]           Load.loadUnit: loadedProjectsRaw took 279.3647ms
[debug]           Load.loadUnit: cleanEvalClasses took 10.5345ms
[debug]         Load.loadUnit(file:/C:/Users/USER/Downloads/akka%20http%20server/project/, ...) took 347.8689ms
[debug]       Load.apply: load took 350.6158ms
[debug]       Load.apply: resolveProjects took 0.193ms
[debug]       Load.apply: finalTransforms took 19.2414ms
[debug]       Load.apply: config.delegates took 0.7333ms
[debug]       Load.apply: Def.make(settings)... took 192.6327ms
[debug]       Load.apply: structureIndex took 76.1697ms
[debug]       Load.apply: mkStreams took 0.0047ms
[info] loading project definition from C:\Users\USER\Downloads\akka http server\project
[debug] Running task... Cancel: Signal, check cycles: false, forcegc: true
[debug]     Load.loadUnit: plugins took 1568.3387ms
[debug]     Load.loadUnit: defsScala took 0.005ms
[debug] [Loading] Scanning directory C:\Users\USER\Downloads\akka http server
[debug]       Load.loadUnit: mkEval took 0.4266ms
[debug] [Loading] Found root project root w/ remaining 
[debug] deducing auto plugins based on known facts Set(Atom(sbt.plugins.CorePlugin)) and clauses Clauses(List(Clause(Atom(sbt.plugins.JvmPlugin),Set(Atom(sbt.plugins.IvyPlugin))), Clause(Atom(sbt.ScriptedPlugin),Set(Atom(sbt.plugins.JvmPlugin))), Clause(Atom(sbt.plugins.SbtPlugin),Set(Atom(sbt.ScriptedPlugin))), Clause(Atom(sbt.plugins.SemanticdbPlugin),Set(Atom(sbt.plugins.JvmPlugin))), Clause(Atom(sbt.plugins.JUnitXmlReportPlugin),Set(Atom(sbt.plugins.JvmPlugin))), Clause(Atom(sbt.plugins.MiniDependencyTreePlugin),Set(Atom(sbt.plugins.JvmPlugin))), Clause(Atom(sbtassembly.AssemblyPlugin),Set(Atom(sbt.plugins.JvmPlugin))), Clause(Atom(org.jetbrains.sbt.StructurePlugin),Set(Atom(sbt.plugins.JvmPlugin))), Clause(Atom(org.jetbrains.sbt.IdeaShellPlugin),Set(Atom(sbt.plugins.JvmPlugin))), Clause(Atom(org.jetbrains.sbt.indices.SbtIntellijIndicesPlugin),Set(Atom(sbt.plugins.JvmPlugin))), Clause(Atom(sbt.plugins.CorePlugin),Set(Atom(sbt.plugins.IvyPlugin))), Clause(Atom(sbt.plugins.IvyPlugin),Set(Atom(sbt.plugins.JvmPlugin))), Clause(Atom(sbt.plugins.JvmPlugin),Set(Atom(sbt.plugins.SemanticdbPlugin))), Clause(Atom(sbt.plugins.JvmPlugin),Set(Atom(sbt.plugins.JUnitXmlReportPlugin))), Clause(Atom(sbt.plugins.CorePlugin),Set(Atom(sbt.plugins.Giter8TemplatePlugin))), Clause(Atom(sbt.plugins.JvmPlugin),Set(Atom(sbt.plugins.MiniDependencyTreePlugin))), Clause(Atom(sbt.plugins.JvmPlugin),Set(Atom(sbtassembly.AssemblyPlugin))), Clause(Atom(sbt.plugins.JvmPlugin),Set(Atom(org.jetbrains.sbt.StructurePlugin))), Clause(Atom(sbt.plugins.JvmPlugin),Set(Atom(org.jetbrains.sbt.IdeaShellPlugin))), Clause(And(Set(Atom(sbt.plugins.CorePlugin), Atom(sbt.plugins.JvmPlugin))),Set(Atom(org.jetbrains.sbt.indices.SbtIntellijIndicesPlugin)))))
[debug]   :: deduced result: Matched(sbt.plugins.CorePlugin,sbt.plugins.Giter8TemplatePlugin,sbt.plugins.IvyPlugin,sbt.plugins.JvmPlugin,sbt.plugins.SemanticdbPlugin,org.jetbrains.sbt.indices.SbtIntellijIndicesPlugin,sbt.plugins.JUnitXmlReportPlugin,sbtassembly.AssemblyPlugin,org.jetbrains.sbt.IdeaShellPlugin,org.jetbrains.sbt.StructurePlugin,sbt.plugins.MiniDependencyTreePlugin)
[debug] Plugins.deducer#function took 6.6778 ms
[info] loading settings for project root from build.sbt ...
[debug]         Load.resolveProject(root) took 106.0923ms
[debug]       Load.loadTransitive: finalizeProject(Project(id root, base: C:\Users\USER\Downloads\akka http server, plugins: List(<none>))) took 116.2913ms
[debug] [Loading] Done in C:\Users\USER\Downloads\akka http server, returning: (root)
[debug]     Load.loadUnit: loadedProjectsRaw took 226.9754ms
[debug]     Load.loadUnit: cleanEvalClasses took 4.6127ms
[debug]   Load.loadUnit(file:/C:/Users/USER/Downloads/akka%20http%20server/, ...) took 1801.0475ms
[debug] Load.apply: load took 1804.1241ms
[debug] Load.apply: resolveProjects took 0.2807ms
[debug] Load.apply: finalTransforms took 39.9486ms
[debug] Load.apply: config.delegates took 1.1275ms
[debug] Load.apply: Def.make(settings)... took 171.5354ms
[debug] Load.apply: structureIndex took 53.5653ms
[debug] Load.apply: mkStreams took 0.0036ms
[info] set current project to core (in build file:/C:/Users/USER/Downloads/akka%20http%20server/)
[debug] > Exec(sbtPopOnFailure, None, None)
[debug] > Exec(resumeFromFailure, None, None)
[debug] > Exec(notifyUsersAboutShell, None, None)
[debug] > Exec(iflast shell, None, None)
[debug] > Exec(; set ideaPort in Global := 49564 ; idea-shell, None, None)
[debug] > Exec(set ideaPort in Global := 49564, None, None)
[info] Defining Global / ideaPort
[info] The new value will be used by Compile / compile, Test / compile
[debug] Defining 
[debug] 	Global / ideaPort
[debug] 
[debug] The new value will be used by 
[debug] 	Compile / compile
[debug] 	Test / compile
[info] Reapplying settings...
[info] set current project to core (in build file:/C:/Users/USER/Downloads/akka%20http%20server/)
[debug] > Exec(idea-shell, None, None)
