[0m[[0m[0mdebug[0m] [0m[0m> Exec(docker:publishLocal, Some(3c0c195e-71e0-4146-9117-45418acecc31), Some(CommandSource(console0)))[0m
[0m[[0m[0mdebug[0m] [0m[0mEvaluating tasks: Docker / publishLocal[0m
[0m[[0m[0mdebug[0m] [0m[0mRunning task... Cancel: Signal, check cycles: false, forcegc: true[0m
[0m[[0m[0minfo[0m] [0m[0mWrote C:\Users\USER\Downloads\akka http server\target\scala-2.13\core_2.13-0.1.0.pom[0m
[0m[[0m[0minfo[0m] [0m[0mMain Scala API documentation to C:\Users\USER\Downloads\akka http server\target\scala-2.13\api...[0m
[0m[[0m[0minfo[0m] [0m[0mMain Scala API documentation successful.[0m
[0m[[0m[31merror[0m] [0m[0m#2 [internal] load .dockerignore[0m
[0m[[0m[31merror[0m] [0m[0m#2 sha256:87801abd999d8318269ea8f1d87e3fe4a8c9fb68acba3a5427247c3e41b317e2[0m
[0m[[0m[31merror[0m] [0m[0m#2 transferring context:[0m
[0m[[0m[31merror[0m] [0m[0m#2 ...[0m
[0m[[0m[31merror[0m] [0m[0m#1 [internal] load build definition from Dockerfile[0m
[0m[[0m[31merror[0m] [0m[0m#1 sha256:5f0d8e690059a3eb6bbeb5b37059303602e34b6993b176d3489b2c3dac97430f[0m
[0m[[0m[31merror[0m] [0m[0m#1 transferring dockerfile: 155B 0.0s done[0m
[0m[[0m[31merror[0m] [0m[0m#1 DONE 0.2s[0m
[0m[[0m[31merror[0m] [0m[0m#2 [internal] load .dockerignore[0m
[0m[[0m[31merror[0m] [0m[0m#2 sha256:87801abd999d8318269ea8f1d87e3fe4a8c9fb68acba3a5427247c3e41b317e2[0m
[0m[[0m[31merror[0m] [0m[0m#2 transferring context: 2B done[0m
[0m[[0m[31merror[0m] [0m[0m#2 DONE 0.2s[0m
[0m[[0m[31merror[0m] [0m[0m#3 [internal] load metadata for docker.io/library/openjdk:latest[0m
[0m[[0m[31merror[0m] [0m[0m#3 sha256:69b0172ab6d2db879c66e49b96260fcfc35815b92d8336e07a867faef233f565[0m
[0m[[0m[31merror[0m] [0m[0m#3 ...[0m
[0m[[0m[31merror[0m] [0m[0m#4 [auth] library/openjdk:pull token for registry-1.docker.io[0m
[0m[[0m[31merror[0m] [0m[0m#4 sha256:a88089d70b43c2d333663b5bfe4a92208e53b28d88d1cbfb4c7f7420bc0e14e4[0m
[0m[[0m[31merror[0m] [0m[0m#4 DONE 0.0s[0m
[0m[[0m[31merror[0m] [0m[0m#3 [internal] load metadata for docker.io/library/openjdk:latest[0m
[0m[[0m[31merror[0m] [0m[0m#3 sha256:69b0172ab6d2db879c66e49b96260fcfc35815b92d8336e07a867faef233f565[0m
[0m[[0m[31merror[0m] [0m[0m#3 DONE 5.7s[0m
[0m[[0m[31merror[0m] [0m[0m#5 [1/3] FROM docker.io/library/openjdk:latest@sha256:3d35137579870e9b53716879449aa88d0e455fe725ac4e60c20b25761e789993[0m
[0m[[0m[31merror[0m] [0m[0m#5 sha256:0a79a4d4a8eda273956781f8ea40a929739c6f257d1173a677d054d7e30687ff[0m
[0m[[0m[31merror[0m] [0m[0m#5 DONE 0.0s[0m
[0m[[0m[31merror[0m] [0m[0m#7 [internal] load build context[0m
[0m[[0m[31merror[0m] [0m[0m#7 sha256:3019d2af8bc5c08f7fcb9a4510dd811c7d92d0f3203331072e6d1885a415823b[0m
[0m[[0m[31merror[0m] [0m[0m#7 transferring context: 29.55kB 0.1s done[0m
[0m[[0m[31merror[0m] [0m[0m#7 DONE 0.2s[0m
[0m[[0m[31merror[0m] [0m[0m#6 [2/3] WORKDIR /opt/docker[0m
[0m[[0m[31merror[0m] [0m[0m#6 sha256:f8475ada75005af134ae84e188b22b044c0c3799161ca1205e7c7a71cc8d46c0[0m
[0m[[0m[31merror[0m] [0m[0m#6 CACHED[0m
[0m[[0m[31merror[0m] [0m[0m#8 [3/3] ADD --chown=daemon:daemon opt /opt[0m
[0m[[0m[31merror[0m] [0m[0m#8 sha256:d9bec02160b1d097de478c838abaa81d1559db774684cda25dd26d7a42949d11[0m
[0m[[0m[31merror[0m] [0m[0m#8 CACHED[0m
[0m[[0m[31merror[0m] [0m[0m#9 exporting to image[0m
[0m[[0m[31merror[0m] [0m[0m#9 sha256:e8c613e07b0b7ff33893b694f7759a10d42e180f2b4dc349fb57dc6b71dcab00[0m
[0m[[0m[31merror[0m] [0m[0m#9 exporting layers done[0m
[0m[[0m[31merror[0m] [0m[0m#9 writing image sha256:8b3baf39d105a78a898032e6605eebaec79fad05db59c612a4d75de658cde28c 0.0s done[0m
[0m[[0m[31merror[0m] [0m[0m#9 naming to docker.io/library/core:0.1.0[0m
[0m[[0m[31merror[0m] [0m[0m#9 naming to docker.io/library/core:0.1.0 0.0s done[0m
[0m[[0m[31merror[0m] [0m[0m#9 DONE 0.1s[0m
[0m[[0m[0minfo[0m] [0m[0mBuilt image core:0.1.0[0m
[0m[[0m[32msuccess[0m] [0m[0mTotal time: 10 s, completed 16-Mar-2021 09:46:07[0m
[0m[[0m[0mdebug[0m] [0m[0m> Exec(shell, None, None)[0m
