[debug] > Exec(reload, None, None)
[debug] > Exec(sbtStashOnFailure, None, None)
[debug] > Exec(onFailure loadFailed, None, None)
[debug] > Exec(loadp, None, None)
[info] welcome to sbt 1.4.4 (Oracle Corporation Java 1.8.0_181)
[debug]       Load.loadUnit: plugins took 25.6902ms
[debug]       Load.loadUnit: defsScala took 0.0047ms
[debug] [Loading] Scanning directory C:\Users\USER\.sbt\1.0\plugins
[debug] [Loading] Found non-root projects 
[debug] [Loading] Done in C:\Users\USER\.sbt\1.0\plugins, returning: ()
[debug] deducing auto plugins based on known facts Set(Atom(sbt.plugins.CorePlugin)) and clauses Clauses(List(Clause(Atom(sbt.plugins.JvmPlugin),Set(Atom(sbt.plugins.IvyPlugin))), Clause(Atom(sbt.ScriptedPlugin),Set(Atom(sbt.plugins.JvmPlugin))), Clause(Atom(sbt.plugins.SbtPlugin),Set(Atom(sbt.ScriptedPlugin))), Clause(Atom(sbt.plugins.SemanticdbPlugin),Set(Atom(sbt.plugins.JvmPlugin))), Clause(Atom(sbt.plugins.JUnitXmlReportPlugin),Set(Atom(sbt.plugins.JvmPlugin))), Clause(Atom(sbt.plugins.MiniDependencyTreePlugin),Set(Atom(sbt.plugins.JvmPlugin))), Clause(Atom(sbt.plugins.CorePlugin),Set(Atom(sbt.plugins.IvyPlugin))), Clause(Atom(sbt.plugins.IvyPlugin),Set(Atom(sbt.plugins.JvmPlugin))), Clause(Atom(sbt.plugins.JvmPlugin),Set(Atom(sbt.plugins.SemanticdbPlugin))), Clause(Atom(sbt.plugins.JvmPlugin),Set(Atom(sbt.plugins.JUnitXmlReportPlugin))), Clause(Atom(sbt.plugins.CorePlugin),Set(Atom(sbt.plugins.Giter8TemplatePlugin))), Clause(Atom(sbt.plugins.JvmPlugin),Set(Atom(sbt.plugins.MiniDependencyTreePlugin)))))
[debug]   :: deduced result: Matched(sbt.plugins.CorePlugin,sbt.plugins.Giter8TemplatePlugin,sbt.plugins.IvyPlugin,sbt.plugins.JvmPlugin,sbt.plugins.MiniDependencyTreePlugin,sbt.plugins.JUnitXmlReportPlugin,sbt.plugins.SemanticdbPlugin)
[debug] Plugins.deducer#function took 2.6919 ms
[debug]           Load.resolveProject(global-plugins) took 1.2353ms
[debug]         Load.loadTransitive: finalizeProject(Project(id global-plugins, base: C:\Users\USER\.sbt\1.0\plugins, plugins: List(<none>))) took 4.3828ms
[debug] [Loading] Done in C:\Users\USER\.sbt\1.0\plugins, returning: (global-plugins)
[debug]       Load.loadUnit: loadedProjectsRaw took 5.2361ms
[debug]       Load.loadUnit: cleanEvalClasses took 0.0086ms
[debug]     Load.loadUnit(file:/C:/Users/USER/.sbt/1.0/plugins/, ...) took 31.9718ms
[debug]   Load.apply: load took 33.2453ms
[debug]   Load.apply: resolveProjects took 0.0955ms
[debug]   Load.apply: finalTransforms took 4.507ms
[debug]   Load.apply: config.delegates took 0.2514ms
[debug]   Load.apply: Def.make(settings)... took 46.0721ms
[debug]   Load.apply: structureIndex took 15.5245ms
[debug]   Load.apply: mkStreams took 0.0044ms
[info] loading global plugins from C:\Users\USER\.sbt\1.0\plugins
[debug] Running task... Cancel: Signal, check cycles: false, forcegc: true
[debug] Load.defaultLoad until apply took 384.0127ms
[debug]           Load.loadUnit: plugins took 45.7365ms
[debug]           Load.loadUnit: defsScala took 0.0075ms
[debug] [Loading] Scanning directory C:\Users\USER\Downloads\akka http server\project
[debug]             Load.loadUnit: mkEval took 0.4284ms
[debug] [Loading] Found non-root projects 
[debug] [Loading] Done in C:\Users\USER\Downloads\akka http server\project, returning: ()
[debug] deducing auto plugins based on known facts Set(Atom(sbt.plugins.CorePlugin)) and clauses Clauses(List(Clause(Atom(sbt.plugins.JvmPlugin),Set(Atom(sbt.plugins.IvyPlugin))), Clause(Atom(sbt.ScriptedPlugin),Set(Atom(sbt.plugins.JvmPlugin))), Clause(Atom(sbt.plugins.SbtPlugin),Set(Atom(sbt.ScriptedPlugin))), Clause(Atom(sbt.plugins.SemanticdbPlugin),Set(Atom(sbt.plugins.JvmPlugin))), Clause(Atom(sbt.plugins.JUnitXmlReportPlugin),Set(Atom(sbt.plugins.JvmPlugin))), Clause(Atom(sbt.plugins.MiniDependencyTreePlugin),Set(Atom(sbt.plugins.JvmPlugin))), Clause(Atom(sbt.plugins.CorePlugin),Set(Atom(sbt.plugins.IvyPlugin))), Clause(Atom(sbt.plugins.IvyPlugin),Set(Atom(sbt.plugins.JvmPlugin))), Clause(Atom(sbt.plugins.JvmPlugin),Set(Atom(sbt.plugins.SemanticdbPlugin))), Clause(Atom(sbt.plugins.JvmPlugin),Set(Atom(sbt.plugins.JUnitXmlReportPlugin))), Clause(Atom(sbt.plugins.CorePlugin),Set(Atom(sbt.plugins.Giter8TemplatePlugin))), Clause(Atom(sbt.plugins.JvmPlugin),Set(Atom(sbt.plugins.MiniDependencyTreePlugin)))))
[debug]   :: deduced result: Matched(sbt.plugins.CorePlugin,sbt.plugins.Giter8TemplatePlugin,sbt.plugins.IvyPlugin,sbt.plugins.JvmPlugin,sbt.plugins.MiniDependencyTreePlugin,sbt.plugins.JUnitXmlReportPlugin,sbt.plugins.SemanticdbPlugin)
[debug] Plugins.deducer#function took 14.588 ms
[info] loading settings for project akka-http-server-build from plugins.sbt,idea.sbt ...
[debug]               Load.resolveProject(akka-http-server-build) took 4.9696ms
[debug]             Load.loadTransitive: finalizeProject(Project(id akka-http-server-build, base: C:\Users\USER\Downloads\akka http server\project, plugins: List(<none>))) took 20.0343ms
[debug] [Loading] Done in C:\Users\USER\Downloads\akka http server\project, returning: (akka-http-server-build)
[debug]           Load.loadUnit: loadedProjectsRaw took 84.6565ms
[debug]           Load.loadUnit: cleanEvalClasses took 3.4299ms
[debug]         Load.loadUnit(file:/C:/Users/USER/Downloads/akka%20http%20server/project/, ...) took 134.9515ms
[debug]       Load.apply: load took 136.7326ms
[debug]       Load.apply: resolveProjects took 0.1244ms
[debug]       Load.apply: finalTransforms took 9.1738ms
[debug]       Load.apply: config.delegates took 2.2574ms
[debug]       Load.apply: Def.make(settings)... took 85.1347ms
[debug]       Load.apply: structureIndex took 20.5191ms
[debug]       Load.apply: mkStreams took 0.0445ms
[info] loading project definition from C:\Users\USER\Downloads\akka http server\project
[debug] Running task... Cancel: Signal, check cycles: false, forcegc: true
[debug]     Load.loadUnit: plugins took 791.5454ms
[debug]     Load.loadUnit: defsScala took 0.0081ms
[debug] [Loading] Scanning directory C:\Users\USER\Downloads\akka http server
[debug]       Load.loadUnit: mkEval took 0.4565ms
[debug] [Loading] Found root project root w/ remaining 
[debug] deducing auto plugins based on known facts Set(Atom(sbt.plugins.CorePlugin)) and clauses Clauses(List(Clause(Atom(sbt.plugins.JvmPlugin),Set(Atom(sbt.plugins.IvyPlugin))), Clause(Atom(sbt.ScriptedPlugin),Set(Atom(sbt.plugins.JvmPlugin))), Clause(Atom(sbt.plugins.SbtPlugin),Set(Atom(sbt.ScriptedPlugin))), Clause(Atom(sbt.plugins.SemanticdbPlugin),Set(Atom(sbt.plugins.JvmPlugin))), Clause(Atom(sbt.plugins.JUnitXmlReportPlugin),Set(Atom(sbt.plugins.JvmPlugin))), Clause(Atom(sbt.plugins.MiniDependencyTreePlugin),Set(Atom(sbt.plugins.JvmPlugin))), Clause(Atom(sbtassembly.AssemblyPlugin),Set(Atom(sbt.plugins.JvmPlugin))), Clause(Atom(org.jetbrains.sbt.StructurePlugin),Set(Atom(sbt.plugins.JvmPlugin))), Clause(Atom(org.jetbrains.sbt.IdeaShellPlugin),Set(Atom(sbt.plugins.JvmPlugin))), Clause(Atom(org.jetbrains.sbt.indices.SbtIntellijIndicesPlugin),Set(Atom(sbt.plugins.JvmPlugin))), Clause(Atom(sbt.plugins.CorePlugin),Set(Atom(sbt.plugins.IvyPlugin))), Clause(Atom(sbt.plugins.IvyPlugin),Set(Atom(sbt.plugins.JvmPlugin))), Clause(Atom(sbt.plugins.JvmPlugin),Set(Atom(sbt.plugins.SemanticdbPlugin))), Clause(Atom(sbt.plugins.JvmPlugin),Set(Atom(sbt.plugins.JUnitXmlReportPlugin))), Clause(Atom(sbt.plugins.CorePlugin),Set(Atom(sbt.plugins.Giter8TemplatePlugin))), Clause(Atom(sbt.plugins.JvmPlugin),Set(Atom(sbt.plugins.MiniDependencyTreePlugin))), Clause(Atom(sbt.plugins.JvmPlugin),Set(Atom(sbtassembly.AssemblyPlugin))), Clause(Atom(sbt.plugins.JvmPlugin),Set(Atom(org.jetbrains.sbt.StructurePlugin))), Clause(Atom(sbt.plugins.JvmPlugin),Set(Atom(org.jetbrains.sbt.IdeaShellPlugin))), Clause(And(Set(Atom(sbt.plugins.CorePlugin), Atom(sbt.plugins.JvmPlugin))),Set(Atom(org.jetbrains.sbt.indices.SbtIntellijIndicesPlugin)))))
[debug]   :: deduced result: Matched(sbt.plugins.CorePlugin,sbt.plugins.Giter8TemplatePlugin,sbt.plugins.IvyPlugin,sbt.plugins.JvmPlugin,sbt.plugins.SemanticdbPlugin,org.jetbrains.sbt.indices.SbtIntellijIndicesPlugin,sbt.plugins.JUnitXmlReportPlugin,sbtassembly.AssemblyPlugin,org.jetbrains.sbt.IdeaShellPlugin,org.jetbrains.sbt.StructurePlugin,sbt.plugins.MiniDependencyTreePlugin)
[debug] Plugins.deducer#function took 1.1575 ms
[info] loading settings for project root from build.sbt ...
[debug]         Load.resolveProject(root) took 92.03ms
[debug]       Load.loadTransitive: finalizeProject(Project(id root, base: C:\Users\USER\Downloads\akka http server, plugins: List(<none>))) took 93.761ms
[debug] [Loading] Done in C:\Users\USER\Downloads\akka http server, returning: (root)
[debug]     Load.loadUnit: loadedProjectsRaw took 953.4592ms
[debug]     Load.loadUnit: cleanEvalClasses took 4.1809ms
[debug]   Load.loadUnit(file:/C:/Users/USER/Downloads/akka%20http%20server/, ...) took 1749.7008ms
[debug] Load.apply: load took 1751.3306ms
[debug] Load.apply: resolveProjects took 0.0947ms
[debug] Load.apply: finalTransforms took 16.4249ms
[debug] Load.apply: config.delegates took 0.2721ms
[debug] Load.apply: Def.make(settings)... took 83.361ms
[debug] Load.apply: structureIndex took 15.8749ms
[debug] Load.apply: mkStreams took 0.0028ms
[info] set current project to core (in build file:/C:/Users/USER/Downloads/akka%20http%20server/)
[debug] > Exec(sbtPopOnFailure, None, None)
[debug] > Exec(resumeFromFailure, None, None)
[debug] > Exec(idea-shell, None, None)
