[debug] > Exec(publish, None, None)
[debug] Evaluating tasks: publish
[debug] Running task... Cancel: Signal, check cycles: false, forcegc: true
[info] Wrote C:\Users\USER\Downloads\akka http server\target\scala-2.13\core_2.13-0.1.0.pom
[error] java.lang.RuntimeException: Repository for publishing is not specified.
[error] 	at scala.sys.package$.error(package.scala:30)
[error] 	at sbt.Classpaths$.$anonfun$getPublishTo$1(Defaults.scala:3568)
[error] 	at scala.Option.getOrElse(Option.scala:189)
[error] 	at sbt.Classpaths$.getPublishTo(Defaults.scala:3568)
[error] 	at sbt.Classpaths$.$anonfun$ivyBaseSettings$53(Defaults.scala:2946)
[error] 	at scala.Function1.$anonfun$compose$1(Function1.scala:49)
[error] 	at sbt.internal.util.$tilde$greater.$anonfun$$u2219$1(TypeFunctions.scala:62)
[error] 	at sbt.std.Transform$$anon$4.work(Transform.scala:68)
[error] 	at sbt.Execute.$anonfun$submit$2(Execute.scala:282)
[error] 	at sbt.internal.util.ErrorHandling$.wideConvert(ErrorHandling.scala:23)
[error] 	at sbt.Execute.work(Execute.scala:291)
[error] 	at sbt.Execute.$anonfun$submit$1(Execute.scala:282)
[error] 	at sbt.ConcurrentRestrictions$$anon$4.$anonfun$submitValid$1(ConcurrentRestrictions.scala:265)
[error] 	at sbt.CompletionService$$anon$2.call(CompletionService.scala:64)
[error] 	at java.util.concurrent.FutureTask.run(FutureTask.java:266)
[error] 	at java.util.concurrent.Executors$RunnableAdapter.call(Executors.java:511)
[error] 	at java.util.concurrent.FutureTask.run(FutureTask.java:266)
[error] 	at java.util.concurrent.ThreadPoolExecutor.runWorker(ThreadPoolExecutor.java:1149)
[error] 	at java.util.concurrent.ThreadPoolExecutor$Worker.run(ThreadPoolExecutor.java:624)
[error] 	at java.lang.Thread.run(Thread.java:748)
[error] (publishConfiguration) Repository for publishing is not specified.
[error] Total time: 2 s, completed 15-Mar-2021 13:31:59
[debug] > Exec(idea-shell, None, None)
