[debug] > Exec(early(addDefaultCommands), None, None)
[debug] > Exec(addDefaultCommands, None, None)
[debug] > Exec(early(initialize), None, None)
[debug] > Exec(initialize, None, None)
[debug] > Exec(early(addPluginSbtFile="""C:\Users\USER\AppData\Local\Temp\idea5.sbt"""), None, None)
[debug] > Exec(addPluginSbtFile="""C:\Users\USER\AppData\Local\Temp\idea5.sbt""", None, None)
[debug] > Exec(boot, None, None)
[debug] > Exec(writeSbtVersion, None, None)
[debug] > Exec(reload, None, None)
[debug] > Exec(sbtStashOnFailure, None, None)
[debug] > Exec(onFailure loadFailed, None, None)
[debug] > Exec(loadp, None, None)
[info] welcome to sbt 1.4.4 (Oracle Corporation Java 1.8.0_181)
[debug]       Load.loadUnit: plugins took 161.6944ms
[debug]       Load.loadUnit: defsScala took 0.5723ms
[debug] [Loading] Scanning directory C:\Users\USER\.sbt\1.0\plugins
[debug] [Loading] Found non-root projects 
[debug] [Loading] Done in C:\Users\USER\.sbt\1.0\plugins, returning: ()
[debug] deducing auto plugins based on known facts Set(Atom(sbt.plugins.CorePlugin)) and clauses Clauses(List(Clause(Atom(sbt.plugins.JvmPlugin),Set(Atom(sbt.plugins.IvyPlugin))), Clause(Atom(sbt.ScriptedPlugin),Set(Atom(sbt.plugins.JvmPlugin))), Clause(Atom(sbt.plugins.SbtPlugin),Set(Atom(sbt.ScriptedPlugin))), Clause(Atom(sbt.plugins.SemanticdbPlugin),Set(Atom(sbt.plugins.JvmPlugin))), Clause(Atom(sbt.plugins.JUnitXmlReportPlugin),Set(Atom(sbt.plugins.JvmPlugin))), Clause(Atom(sbt.plugins.MiniDependencyTreePlugin),Set(Atom(sbt.plugins.JvmPlugin))), Clause(Atom(sbt.plugins.CorePlugin),Set(Atom(sbt.plugins.IvyPlugin))), Clause(Atom(sbt.plugins.IvyPlugin),Set(Atom(sbt.plugins.JvmPlugin))), Clause(Atom(sbt.plugins.JvmPlugin),Set(Atom(sbt.plugins.SemanticdbPlugin))), Clause(Atom(sbt.plugins.JvmPlugin),Set(Atom(sbt.plugins.JUnitXmlReportPlugin))), Clause(Atom(sbt.plugins.CorePlugin),Set(Atom(sbt.plugins.Giter8TemplatePlugin))), Clause(Atom(sbt.plugins.JvmPlugin),Set(Atom(sbt.plugins.MiniDependencyTreePlugin)))))
[debug]   :: deduced result: Matched(sbt.plugins.CorePlugin,sbt.plugins.Giter8TemplatePlugin,sbt.plugins.IvyPlugin,sbt.plugins.JvmPlugin,sbt.plugins.MiniDependencyTreePlugin,sbt.plugins.JUnitXmlReportPlugin,sbt.plugins.SemanticdbPlugin)
[debug] Plugins.deducer#function took 37.4518 ms
[debug]           Load.resolveProject(global-plugins) took 73.6748ms
[debug]         Load.loadTransitive: finalizeProject(Project(id global-plugins, base: C:\Users\USER\.sbt\1.0\plugins, plugins: List(<none>))) took 148.2688ms
[debug] [Loading] Done in C:\Users\USER\.sbt\1.0\plugins, returning: (global-plugins)
[debug]       Load.loadUnit: loadedProjectsRaw took 180.7887ms
[debug]       Load.loadUnit: cleanEvalClasses took 0.3927ms
[debug]     Load.loadUnit(file:/C:/Users/USER/.sbt/1.0/plugins/, ...) took 355.563ms
[debug]   Load.apply: load took 628.346ms
[debug]   Load.apply: resolveProjects took 12.3154ms
[debug]   Load.apply: finalTransforms took 123.281ms
[debug]   Load.apply: config.delegates took 17.6497ms
[debug]   Load.apply: Def.make(settings)... took 1520.9567ms
[debug]   Load.apply: structureIndex took 239.1037ms
[debug]   Load.apply: mkStreams took 2.8712ms
[info] loading global plugins from C:\Users\USER\.sbt\1.0\plugins
[debug] Running task... Cancel: Signal, check cycles: false, forcegc: true
[debug] Load.defaultLoad until apply took 6048.8744ms
[debug]           Load.loadUnit: plugins took 64.0861ms
[debug]           Load.loadUnit: defsScala took 0.0096ms
[debug] [Loading] Scanning directory C:\Users\USER\Downloads\akka http server\project
[debug]             Load.loadUnit: mkEval took 13.7118ms
[debug] [Loading] Found non-root projects 
[debug] [Loading] Done in C:\Users\USER\Downloads\akka http server\project, returning: ()
[debug] deducing auto plugins based on known facts Set(Atom(sbt.plugins.CorePlugin)) and clauses Clauses(List(Clause(Atom(sbt.plugins.JvmPlugin),Set(Atom(sbt.plugins.IvyPlugin))), Clause(Atom(sbt.ScriptedPlugin),Set(Atom(sbt.plugins.JvmPlugin))), Clause(Atom(sbt.plugins.SbtPlugin),Set(Atom(sbt.ScriptedPlugin))), Clause(Atom(sbt.plugins.SemanticdbPlugin),Set(Atom(sbt.plugins.JvmPlugin))), Clause(Atom(sbt.plugins.JUnitXmlReportPlugin),Set(Atom(sbt.plugins.JvmPlugin))), Clause(Atom(sbt.plugins.MiniDependencyTreePlugin),Set(Atom(sbt.plugins.JvmPlugin))), Clause(Atom(sbt.plugins.CorePlugin),Set(Atom(sbt.plugins.IvyPlugin))), Clause(Atom(sbt.plugins.IvyPlugin),Set(Atom(sbt.plugins.JvmPlugin))), Clause(Atom(sbt.plugins.JvmPlugin),Set(Atom(sbt.plugins.SemanticdbPlugin))), Clause(Atom(sbt.plugins.JvmPlugin),Set(Atom(sbt.plugins.JUnitXmlReportPlugin))), Clause(Atom(sbt.plugins.CorePlugin),Set(Atom(sbt.plugins.Giter8TemplatePlugin))), Clause(Atom(sbt.plugins.JvmPlugin),Set(Atom(sbt.plugins.MiniDependencyTreePlugin)))))
[debug]   :: deduced result: Matched(sbt.plugins.CorePlugin,sbt.plugins.Giter8TemplatePlugin,sbt.plugins.IvyPlugin,sbt.plugins.JvmPlugin,sbt.plugins.MiniDependencyTreePlugin,sbt.plugins.JUnitXmlReportPlugin,sbt.plugins.SemanticdbPlugin)
[debug] Plugins.deducer#function took 3.4855 ms
[info] loading settings for project akka-http-server-build from plugins.sbt,idea5.sbt ...
[debug]               Load.resolveProject(akka-http-server-build) took 5.1098ms
[debug]             Load.loadTransitive: finalizeProject(Project(id akka-http-server-build, base: C:\Users\USER\Downloads\akka http server\project, plugins: List(<none>))) took 9.3353ms
[debug] [Loading] Done in C:\Users\USER\Downloads\akka http server\project, returning: (akka-http-server-build)
[debug]           Load.loadUnit: loadedProjectsRaw took 265.2844ms
[debug]           Load.loadUnit: cleanEvalClasses took 6.4435ms
[debug]         Load.loadUnit(file:/C:/Users/USER/Downloads/akka%20http%20server/project/, ...) took 337.8009ms
[debug]       Load.apply: load took 340.1996ms
[debug]       Load.apply: resolveProjects took 0.1455ms
[debug]       Load.apply: finalTransforms took 19.611ms
[debug]       Load.apply: config.delegates took 0.7779ms
[debug]       Load.apply: Def.make(settings)... took 182.2062ms
[debug]       Load.apply: structureIndex took 68.5052ms
[debug]       Load.apply: mkStreams took 0.0033ms
[info] loading project definition from C:\Users\USER\Downloads\akka http server\project
[debug] Running task... Cancel: Signal, check cycles: false, forcegc: true
[debug]     Load.loadUnit: plugins took 1414.9259ms
[debug]     Load.loadUnit: defsScala took 0.006ms
[debug] [Loading] Scanning directory C:\Users\USER\Downloads\akka http server
[debug]       Load.loadUnit: mkEval took 0.3476ms
[debug] [Loading] Found root project root w/ remaining 
[debug] deducing auto plugins based on known facts Set(Atom(sbt.plugins.CorePlugin)) and clauses Clauses(List(Clause(Atom(sbt.plugins.JvmPlugin),Set(Atom(sbt.plugins.IvyPlugin))), Clause(Atom(sbt.ScriptedPlugin),Set(Atom(sbt.plugins.JvmPlugin))), Clause(Atom(sbt.plugins.SbtPlugin),Set(Atom(sbt.ScriptedPlugin))), Clause(Atom(sbt.plugins.SemanticdbPlugin),Set(Atom(sbt.plugins.JvmPlugin))), Clause(Atom(sbt.plugins.JUnitXmlReportPlugin),Set(Atom(sbt.plugins.JvmPlugin))), Clause(Atom(sbt.plugins.MiniDependencyTreePlugin),Set(Atom(sbt.plugins.JvmPlugin))), Clause(Atom(sbtassembly.AssemblyPlugin),Set(Atom(sbt.plugins.JvmPlugin))), Clause(Atom(org.jetbrains.sbt.StructurePlugin),Set(Atom(sbt.plugins.JvmPlugin))), Clause(Atom(org.jetbrains.sbt.IdeaShellPlugin),Set(Atom(sbt.plugins.JvmPlugin))), Clause(Atom(org.jetbrains.sbt.indices.SbtIntellijIndicesPlugin),Set(Atom(sbt.plugins.JvmPlugin))), Clause(Atom(sbt.plugins.CorePlugin),Set(Atom(sbt.plugins.IvyPlugin))), Clause(Atom(sbt.plugins.IvyPlugin),Set(Atom(sbt.plugins.JvmPlugin))), Clause(Atom(sbt.plugins.JvmPlugin),Set(Atom(sbt.plugins.SemanticdbPlugin))), Clause(Atom(sbt.plugins.JvmPlugin),Set(Atom(sbt.plugins.JUnitXmlReportPlugin))), Clause(Atom(sbt.plugins.CorePlugin),Set(Atom(sbt.plugins.Giter8TemplatePlugin))), Clause(Atom(sbt.plugins.JvmPlugin),Set(Atom(sbt.plugins.MiniDependencyTreePlugin))), Clause(Atom(sbt.plugins.JvmPlugin),Set(Atom(sbtassembly.AssemblyPlugin))), Clause(Atom(sbt.plugins.JvmPlugin),Set(Atom(org.jetbrains.sbt.StructurePlugin))), Clause(Atom(sbt.plugins.JvmPlugin),Set(Atom(org.jetbrains.sbt.IdeaShellPlugin))), Clause(And(Set(Atom(sbt.plugins.CorePlugin), Atom(sbt.plugins.JvmPlugin))),Set(Atom(org.jetbrains.sbt.indices.SbtIntellijIndicesPlugin)))))
[debug]   :: deduced result: Matched(sbt.plugins.CorePlugin,sbt.plugins.Giter8TemplatePlugin,sbt.plugins.IvyPlugin,sbt.plugins.JvmPlugin,sbt.plugins.SemanticdbPlugin,org.jetbrains.sbt.indices.SbtIntellijIndicesPlugin,sbt.plugins.JUnitXmlReportPlugin,sbtassembly.AssemblyPlugin,org.jetbrains.sbt.IdeaShellPlugin,org.jetbrains.sbt.StructurePlugin,sbt.plugins.MiniDependencyTreePlugin)
[debug] Plugins.deducer#function took 3.7714 ms
[info] loading settings for project root from build.sbt ...
[debug]         Load.resolveProject(root) took 96.7135ms
[debug]       Load.loadTransitive: finalizeProject(Project(id root, base: C:\Users\USER\Downloads\akka http server, plugins: List(<none>))) took 103.3263ms
[debug] [Loading] Done in C:\Users\USER\Downloads\akka http server, returning: (root)
[debug]     Load.loadUnit: loadedProjectsRaw took 206.5198ms
[debug]     Load.loadUnit: cleanEvalClasses took 4.3572ms
[debug]   Load.loadUnit(file:/C:/Users/USER/Downloads/akka%20http%20server/, ...) took 1626.7359ms
[debug] Load.apply: load took 1632.8255ms
[debug] Load.apply: resolveProjects took 0.2253ms
[debug] Load.apply: finalTransforms took 40.7134ms
[debug] Load.apply: config.delegates took 0.581ms
[debug] Load.apply: Def.make(settings)... took 178.7715ms
[debug] Load.apply: structureIndex took 57.5658ms
[debug] Load.apply: mkStreams took 0.003ms
[info] set current project to core (in build file:/C:/Users/USER/Downloads/akka%20http%20server/)
[debug] > Exec(sbtPopOnFailure, None, None)
[debug] > Exec(resumeFromFailure, None, None)
[debug] > Exec(notifyUsersAboutShell, None, None)
[debug] > Exec(iflast shell, None, None)
[debug] > Exec(; set ideaPort in Global := 51732 ; idea-shell, None, None)
[debug] > Exec(set ideaPort in Global := 51732, None, None)
[info] Defining Global / ideaPort
[info] The new value will be used by Compile / compile, Test / compile
[debug] Defining 
[debug] 	Global / ideaPort
[debug] 
[debug] The new value will be used by 
[debug] 	Compile / compile
[debug] 	Test / compile
[info] Reapplying settings...
[info] set current project to core (in build file:/C:/Users/USER/Downloads/akka%20http%20server/)
[debug] > Exec(idea-shell, None, None)
